{"level":"info","message":"Server is running on http://localhost:3000","service":"billing-service","timestamp":"2024-11-05T20:20:03.760Z"}
{"level":"error","message":"_dir_html is not defined","service":"billing-service","stack":"ReferenceError: _dir_html is not defined\n    at exports.logon (C:\\Distrib\\TZ\\PickMaxApp\\controllers\\mainController.js:18:26)\n    at Layer.handle [as handle_request] (C:\\Distrib\\TZ\\PickMaxApp\\node_modules\\express\\lib\\router\\layer.js:95:5)\n    at next (C:\\Distrib\\TZ\\PickMaxApp\\node_modules\\express\\lib\\router\\route.js:149:13)\n    at Route.dispatch (C:\\Distrib\\TZ\\PickMaxApp\\node_modules\\express\\lib\\router\\route.js:119:3)\n    at Layer.handle [as handle_request] (C:\\Distrib\\TZ\\PickMaxApp\\node_modules\\express\\lib\\router\\layer.js:95:5)\n    at C:\\Distrib\\TZ\\PickMaxApp\\node_modules\\express\\lib\\router\\index.js:284:15\n    at Function.process_params (C:\\Distrib\\TZ\\PickMaxApp\\node_modules\\express\\lib\\router\\index.js:346:12)\n    at next (C:\\Distrib\\TZ\\PickMaxApp\\node_modules\\express\\lib\\router\\index.js:280:10)\n    at Function.handle (C:\\Distrib\\TZ\\PickMaxApp\\node_modules\\express\\lib\\router\\index.js:175:3)\n    at router (C:\\Distrib\\TZ\\PickMaxApp\\node_modules\\express\\lib\\router\\index.js:47:12)","timestamp":"2024-11-05T20:25:20.232Z"}
{"level":"info","message":"Server is running on http://localhost:3000","service":"billing-service","timestamp":"2024-11-05T20:27:29.262Z"}
{"code":"MODULE_NOT_FOUND","level":"error","message":"Cannot find module 'html'\nRequire stack:\n- C:\\Distrib\\TZ\\PickMaxApp\\node_modules\\express\\lib\\view.js\n- C:\\Distrib\\TZ\\PickMaxApp\\node_modules\\express\\lib\\application.js\n- C:\\Distrib\\TZ\\PickMaxApp\\node_modules\\express\\lib\\express.js\n- C:\\Distrib\\TZ\\PickMaxApp\\node_modules\\express\\index.js\n- C:\\Distrib\\TZ\\PickMaxApp\\app.js","requireStack":["C:\\Distrib\\TZ\\PickMaxApp\\node_modules\\express\\lib\\view.js","C:\\Distrib\\TZ\\PickMaxApp\\node_modules\\express\\lib\\application.js","C:\\Distrib\\TZ\\PickMaxApp\\node_modules\\express\\lib\\express.js","C:\\Distrib\\TZ\\PickMaxApp\\node_modules\\express\\index.js","C:\\Distrib\\TZ\\PickMaxApp\\app.js"],"service":"billing-service","stack":"Error: Cannot find module 'html'\nRequire stack:\n- C:\\Distrib\\TZ\\PickMaxApp\\node_modules\\express\\lib\\view.js\n- C:\\Distrib\\TZ\\PickMaxApp\\node_modules\\express\\lib\\application.js\n- C:\\Distrib\\TZ\\PickMaxApp\\node_modules\\express\\lib\\express.js\n- C:\\Distrib\\TZ\\PickMaxApp\\node_modules\\express\\index.js\n- C:\\Distrib\\TZ\\PickMaxApp\\app.js\n    at Function.Module._resolveFilename (internal/modules/cjs/loader.js:880:15)\n    at Function.Module._load (internal/modules/cjs/loader.js:725:27)\n    at Module.require (internal/modules/cjs/loader.js:952:19)\n    at require (internal/modules/cjs/helpers.js:88:18)\n    at new View (C:\\Distrib\\TZ\\PickMaxApp\\node_modules\\express\\lib\\view.js:81:14)\n    at Function.render (C:\\Distrib\\TZ\\PickMaxApp\\node_modules\\express\\lib\\application.js:587:12)\n    at ServerResponse.render (C:\\Distrib\\TZ\\PickMaxApp\\node_modules\\express\\lib\\response.js:1049:7)\n    at exports.logon (C:\\Distrib\\TZ\\PickMaxApp\\controllers\\mainController.js:20:19)\n    at Layer.handle [as handle_request] (C:\\Distrib\\TZ\\PickMaxApp\\node_modules\\express\\lib\\router\\layer.js:95:5)\n    at next (C:\\Distrib\\TZ\\PickMaxApp\\node_modules\\express\\lib\\router\\route.js:149:13)","timestamp":"2024-11-05T20:27:35.663Z"}
{"level":"info","message":"Server is running on http://localhost:3000","service":"billing-service","timestamp":"2024-11-05T20:28:53.575Z"}
{"code":"MODULE_NOT_FOUND","level":"error","message":"Cannot find module 'html'\nRequire stack:\n- C:\\Distrib\\TZ\\PickMaxApp\\node_modules\\express\\lib\\view.js\n- C:\\Distrib\\TZ\\PickMaxApp\\node_modules\\express\\lib\\application.js\n- C:\\Distrib\\TZ\\PickMaxApp\\node_modules\\express\\lib\\express.js\n- C:\\Distrib\\TZ\\PickMaxApp\\node_modules\\express\\index.js\n- C:\\Distrib\\TZ\\PickMaxApp\\app.js","requireStack":["C:\\Distrib\\TZ\\PickMaxApp\\node_modules\\express\\lib\\view.js","C:\\Distrib\\TZ\\PickMaxApp\\node_modules\\express\\lib\\application.js","C:\\Distrib\\TZ\\PickMaxApp\\node_modules\\express\\lib\\express.js","C:\\Distrib\\TZ\\PickMaxApp\\node_modules\\express\\index.js","C:\\Distrib\\TZ\\PickMaxApp\\app.js"],"service":"billing-service","stack":"Error: Cannot find module 'html'\nRequire stack:\n- C:\\Distrib\\TZ\\PickMaxApp\\node_modules\\express\\lib\\view.js\n- C:\\Distrib\\TZ\\PickMaxApp\\node_modules\\express\\lib\\application.js\n- C:\\Distrib\\TZ\\PickMaxApp\\node_modules\\express\\lib\\express.js\n- C:\\Distrib\\TZ\\PickMaxApp\\node_modules\\express\\index.js\n- C:\\Distrib\\TZ\\PickMaxApp\\app.js\n    at Function.Module._resolveFilename (internal/modules/cjs/loader.js:880:15)\n    at Function.Module._load (internal/modules/cjs/loader.js:725:27)\n    at Module.require (internal/modules/cjs/loader.js:952:19)\n    at require (internal/modules/cjs/helpers.js:88:18)\n    at new View (C:\\Distrib\\TZ\\PickMaxApp\\node_modules\\express\\lib\\view.js:81:14)\n    at Function.render (C:\\Distrib\\TZ\\PickMaxApp\\node_modules\\express\\lib\\application.js:587:12)\n    at ServerResponse.render (C:\\Distrib\\TZ\\PickMaxApp\\node_modules\\express\\lib\\response.js:1049:7)\n    at exports.logon (C:\\Distrib\\TZ\\PickMaxApp\\controllers\\mainController.js:20:19)\n    at Layer.handle [as handle_request] (C:\\Distrib\\TZ\\PickMaxApp\\node_modules\\express\\lib\\router\\layer.js:95:5)\n    at next (C:\\Distrib\\TZ\\PickMaxApp\\node_modules\\express\\lib\\router\\route.js:149:13)","timestamp":"2024-11-05T20:29:08.878Z"}
{"level":"info","message":"Server is running on http://localhost:3000","service":"billing-service","timestamp":"2024-11-05T20:29:23.028Z"}
{"code":"MODULE_NOT_FOUND","level":"error","message":"Cannot find module 'html'\nRequire stack:\n- C:\\Distrib\\TZ\\PickMaxApp\\node_modules\\express\\lib\\view.js\n- C:\\Distrib\\TZ\\PickMaxApp\\node_modules\\express\\lib\\application.js\n- C:\\Distrib\\TZ\\PickMaxApp\\node_modules\\express\\lib\\express.js\n- C:\\Distrib\\TZ\\PickMaxApp\\node_modules\\express\\index.js\n- C:\\Distrib\\TZ\\PickMaxApp\\app.js","requireStack":["C:\\Distrib\\TZ\\PickMaxApp\\node_modules\\express\\lib\\view.js","C:\\Distrib\\TZ\\PickMaxApp\\node_modules\\express\\lib\\application.js","C:\\Distrib\\TZ\\PickMaxApp\\node_modules\\express\\lib\\express.js","C:\\Distrib\\TZ\\PickMaxApp\\node_modules\\express\\index.js","C:\\Distrib\\TZ\\PickMaxApp\\app.js"],"service":"billing-service","stack":"Error: Cannot find module 'html'\nRequire stack:\n- C:\\Distrib\\TZ\\PickMaxApp\\node_modules\\express\\lib\\view.js\n- C:\\Distrib\\TZ\\PickMaxApp\\node_modules\\express\\lib\\application.js\n- C:\\Distrib\\TZ\\PickMaxApp\\node_modules\\express\\lib\\express.js\n- C:\\Distrib\\TZ\\PickMaxApp\\node_modules\\express\\index.js\n- C:\\Distrib\\TZ\\PickMaxApp\\app.js\n    at Function.Module._resolveFilename (internal/modules/cjs/loader.js:880:15)\n    at Function.Module._load (internal/modules/cjs/loader.js:725:27)\n    at Module.require (internal/modules/cjs/loader.js:952:19)\n    at require (internal/modules/cjs/helpers.js:88:18)\n    at new View (C:\\Distrib\\TZ\\PickMaxApp\\node_modules\\express\\lib\\view.js:81:14)\n    at Function.render (C:\\Distrib\\TZ\\PickMaxApp\\node_modules\\express\\lib\\application.js:587:12)\n    at ServerResponse.render (C:\\Distrib\\TZ\\PickMaxApp\\node_modules\\express\\lib\\response.js:1049:7)\n    at exports.logon (C:\\Distrib\\TZ\\PickMaxApp\\controllers\\mainController.js:20:19)\n    at Layer.handle [as handle_request] (C:\\Distrib\\TZ\\PickMaxApp\\node_modules\\express\\lib\\router\\layer.js:95:5)\n    at next (C:\\Distrib\\TZ\\PickMaxApp\\node_modules\\express\\lib\\router\\route.js:149:13)","timestamp":"2024-11-05T20:29:23.318Z"}
{"code":"MODULE_NOT_FOUND","level":"error","message":"Cannot find module 'html'\nRequire stack:\n- C:\\Distrib\\TZ\\PickMaxApp\\node_modules\\express\\lib\\view.js\n- C:\\Distrib\\TZ\\PickMaxApp\\node_modules\\express\\lib\\application.js\n- C:\\Distrib\\TZ\\PickMaxApp\\node_modules\\express\\lib\\express.js\n- C:\\Distrib\\TZ\\PickMaxApp\\node_modules\\express\\index.js\n- C:\\Distrib\\TZ\\PickMaxApp\\app.js","requireStack":["C:\\Distrib\\TZ\\PickMaxApp\\node_modules\\express\\lib\\view.js","C:\\Distrib\\TZ\\PickMaxApp\\node_modules\\express\\lib\\application.js","C:\\Distrib\\TZ\\PickMaxApp\\node_modules\\express\\lib\\express.js","C:\\Distrib\\TZ\\PickMaxApp\\node_modules\\express\\index.js","C:\\Distrib\\TZ\\PickMaxApp\\app.js"],"service":"billing-service","stack":"Error: Cannot find module 'html'\nRequire stack:\n- C:\\Distrib\\TZ\\PickMaxApp\\node_modules\\express\\lib\\view.js\n- C:\\Distrib\\TZ\\PickMaxApp\\node_modules\\express\\lib\\application.js\n- C:\\Distrib\\TZ\\PickMaxApp\\node_modules\\express\\lib\\express.js\n- C:\\Distrib\\TZ\\PickMaxApp\\node_modules\\express\\index.js\n- C:\\Distrib\\TZ\\PickMaxApp\\app.js\n    at Function.Module._resolveFilename (internal/modules/cjs/loader.js:880:15)\n    at Function.Module._load (internal/modules/cjs/loader.js:725:27)\n    at Module.require (internal/modules/cjs/loader.js:952:19)\n    at require (internal/modules/cjs/helpers.js:88:18)\n    at new View (C:\\Distrib\\TZ\\PickMaxApp\\node_modules\\express\\lib\\view.js:81:14)\n    at Function.render (C:\\Distrib\\TZ\\PickMaxApp\\node_modules\\express\\lib\\application.js:587:12)\n    at ServerResponse.render (C:\\Distrib\\TZ\\PickMaxApp\\node_modules\\express\\lib\\response.js:1049:7)\n    at exports.logon (C:\\Distrib\\TZ\\PickMaxApp\\controllers\\mainController.js:20:19)\n    at Layer.handle [as handle_request] (C:\\Distrib\\TZ\\PickMaxApp\\node_modules\\express\\lib\\router\\layer.js:95:5)\n    at next (C:\\Distrib\\TZ\\PickMaxApp\\node_modules\\express\\lib\\router\\route.js:149:13)","timestamp":"2024-11-05T20:29:30.652Z"}
{"level":"info","message":"Server is running on http://localhost:3000","service":"billing-service","timestamp":"2024-11-05T20:31:10.782Z"}
{"code":"MODULE_NOT_FOUND","level":"error","message":"Cannot find module 'html'\nRequire stack:\n- C:\\Distrib\\TZ\\PickMaxApp\\node_modules\\express\\lib\\view.js\n- C:\\Distrib\\TZ\\PickMaxApp\\node_modules\\express\\lib\\application.js\n- C:\\Distrib\\TZ\\PickMaxApp\\node_modules\\express\\lib\\express.js\n- C:\\Distrib\\TZ\\PickMaxApp\\node_modules\\express\\index.js\n- C:\\Distrib\\TZ\\PickMaxApp\\app.js","requireStack":["C:\\Distrib\\TZ\\PickMaxApp\\node_modules\\express\\lib\\view.js","C:\\Distrib\\TZ\\PickMaxApp\\node_modules\\express\\lib\\application.js","C:\\Distrib\\TZ\\PickMaxApp\\node_modules\\express\\lib\\express.js","C:\\Distrib\\TZ\\PickMaxApp\\node_modules\\express\\index.js","C:\\Distrib\\TZ\\PickMaxApp\\app.js"],"service":"billing-service","stack":"Error: Cannot find module 'html'\nRequire stack:\n- C:\\Distrib\\TZ\\PickMaxApp\\node_modules\\express\\lib\\view.js\n- C:\\Distrib\\TZ\\PickMaxApp\\node_modules\\express\\lib\\application.js\n- C:\\Distrib\\TZ\\PickMaxApp\\node_modules\\express\\lib\\express.js\n- C:\\Distrib\\TZ\\PickMaxApp\\node_modules\\express\\index.js\n- C:\\Distrib\\TZ\\PickMaxApp\\app.js\n    at Function.Module._resolveFilename (internal/modules/cjs/loader.js:880:15)\n    at Function.Module._load (internal/modules/cjs/loader.js:725:27)\n    at Module.require (internal/modules/cjs/loader.js:952:19)\n    at require (internal/modules/cjs/helpers.js:88:18)\n    at new View (C:\\Distrib\\TZ\\PickMaxApp\\node_modules\\express\\lib\\view.js:81:14)\n    at Function.render (C:\\Distrib\\TZ\\PickMaxApp\\node_modules\\express\\lib\\application.js:587:12)\n    at ServerResponse.render (C:\\Distrib\\TZ\\PickMaxApp\\node_modules\\express\\lib\\response.js:1049:7)\n    at exports.logon (C:\\Distrib\\TZ\\PickMaxApp\\controllers\\mainController.js:20:19)\n    at Layer.handle [as handle_request] (C:\\Distrib\\TZ\\PickMaxApp\\node_modules\\express\\lib\\router\\layer.js:95:5)\n    at next (C:\\Distrib\\TZ\\PickMaxApp\\node_modules\\express\\lib\\router\\route.js:149:13)","timestamp":"2024-11-05T20:31:27.942Z"}
{"level":"info","message":"Server is running on http://localhost:3000","service":"billing-service","timestamp":"2024-11-05T20:31:51.833Z"}
{"level":"info","message":"Server is running on http://localhost:3000","service":"billing-service","timestamp":"2024-11-05T20:32:01.471Z"}
{"code":"MODULE_NOT_FOUND","level":"error","message":"Cannot find module 'html'\nRequire stack:\n- C:\\Distrib\\TZ\\PickMaxApp\\node_modules\\express\\lib\\view.js\n- C:\\Distrib\\TZ\\PickMaxApp\\node_modules\\express\\lib\\application.js\n- C:\\Distrib\\TZ\\PickMaxApp\\node_modules\\express\\lib\\express.js\n- C:\\Distrib\\TZ\\PickMaxApp\\node_modules\\express\\index.js\n- C:\\Distrib\\TZ\\PickMaxApp\\app.js","requireStack":["C:\\Distrib\\TZ\\PickMaxApp\\node_modules\\express\\lib\\view.js","C:\\Distrib\\TZ\\PickMaxApp\\node_modules\\express\\lib\\application.js","C:\\Distrib\\TZ\\PickMaxApp\\node_modules\\express\\lib\\express.js","C:\\Distrib\\TZ\\PickMaxApp\\node_modules\\express\\index.js","C:\\Distrib\\TZ\\PickMaxApp\\app.js"],"service":"billing-service","stack":"Error: Cannot find module 'html'\nRequire stack:\n- C:\\Distrib\\TZ\\PickMaxApp\\node_modules\\express\\lib\\view.js\n- C:\\Distrib\\TZ\\PickMaxApp\\node_modules\\express\\lib\\application.js\n- C:\\Distrib\\TZ\\PickMaxApp\\node_modules\\express\\lib\\express.js\n- C:\\Distrib\\TZ\\PickMaxApp\\node_modules\\express\\index.js\n- C:\\Distrib\\TZ\\PickMaxApp\\app.js\n    at Function.Module._resolveFilename (internal/modules/cjs/loader.js:880:15)\n    at Function.Module._load (internal/modules/cjs/loader.js:725:27)\n    at Module.require (internal/modules/cjs/loader.js:952:19)\n    at require (internal/modules/cjs/helpers.js:88:18)\n    at new View (C:\\Distrib\\TZ\\PickMaxApp\\node_modules\\express\\lib\\view.js:81:14)\n    at Function.render (C:\\Distrib\\TZ\\PickMaxApp\\node_modules\\express\\lib\\application.js:587:12)\n    at ServerResponse.render (C:\\Distrib\\TZ\\PickMaxApp\\node_modules\\express\\lib\\response.js:1049:7)\n    at exports.logon (C:\\Distrib\\TZ\\PickMaxApp\\controllers\\mainController.js:20:19)\n    at Layer.handle [as handle_request] (C:\\Distrib\\TZ\\PickMaxApp\\node_modules\\express\\lib\\router\\layer.js:95:5)\n    at next (C:\\Distrib\\TZ\\PickMaxApp\\node_modules\\express\\lib\\router\\route.js:149:13)","timestamp":"2024-11-05T20:32:04.244Z"}
{"level":"info","message":"Server is running on http://localhost:3000","service":"billing-service","timestamp":"2024-11-05T20:32:54.673Z"}
{"level":"info","message":"Server is running on http://localhost:3000","service":"billing-service","timestamp":"2024-11-05T20:39:26.062Z"}
{"level":"info","message":"Server is running on http://localhost:3000","service":"billing-service","timestamp":"2024-11-05T20:41:14.733Z"}
{"level":"info","message":"Server is running on http://localhost:3000","service":"billing-service","timestamp":"2024-11-05T20:41:34.232Z"}
{"level":"info","message":"Server is running on http://localhost:3000","service":"billing-service","timestamp":"2024-11-05T20:43:06.115Z"}
{"level":"info","message":"Server is running on http://localhost:3000","service":"billing-service","timestamp":"2024-11-05T20:43:20.650Z"}
{"level":"info","message":"Server is running on http://localhost:3000","service":"billing-service","timestamp":"2024-11-05T20:43:48.323Z"}
{"level":"info","message":"Server is running on http://localhost:3000","service":"billing-service","timestamp":"2024-11-05T20:56:56.184Z"}
{"level":"info","message":"Server is running on http://localhost:3000","service":"billing-service","timestamp":"2024-11-05T21:01:33.311Z"}
{"level":"info","message":"Server is running on http://localhost:3000","service":"billing-service","timestamp":"2024-11-05T21:26:12.113Z"}
{"level":"info","message":"Server is running on http://localhost:3000","service":"billing-service","timestamp":"2024-11-05T21:42:39.645Z"}
{"level":"info","message":"Server is running on http://localhost:3000","service":"billing-service","timestamp":"2024-11-05T21:43:48.591Z"}
{"level":"info","message":"Server is running on http://localhost:3000","service":"billing-service","timestamp":"2024-11-05T21:44:41.265Z"}
{"level":"info","message":"Server is running on http://localhost:3000","service":"billing-service","timestamp":"2024-11-05T21:46:24.006Z"}
{"level":"info","message":"Server is running on http://localhost:3000","service":"billing-service","timestamp":"2024-11-05T21:53:14.514Z"}
{"level":"info","message":"Server is running on http://localhost:3000","service":"billing-service","timestamp":"2024-11-05T21:56:07.238Z"}
{"level":"info","message":"Server is running on http://localhost:3000","service":"billing-service","timestamp":"2024-11-05T21:56:43.770Z"}
{"level":"info","message":"Server is running on http://localhost:3000","service":"billing-service","timestamp":"2024-11-05T21:56:57.335Z"}
{"level":"info","message":"Server is running on http://localhost:3000","service":"billing-service","timestamp":"2024-11-05T22:02:09.077Z"}
{"level":"info","message":"Server is running on http://localhost:3000","service":"billing-service","timestamp":"2024-11-05T22:09:41.910Z"}
{"level":"info","message":"Server is running on http://localhost:3000","service":"billing-service","timestamp":"2024-11-05T22:32:16.486Z"}
{"level":"info","message":"Server is running on http://localhost:3000","service":"billing-service","timestamp":"2024-11-05T22:32:51.610Z"}
{"level":"info","message":"Server is running on http://localhost:3000","service":"billing-service","timestamp":"2024-11-05T22:34:41.162Z"}
{"level":"info","message":"Server is running on http://localhost:3000","service":"billing-service","timestamp":"2024-11-05T22:38:45.469Z"}
{"level":"info","message":"Server is running on http://localhost:3000","service":"billing-service","timestamp":"2024-11-05T22:39:46.935Z"}
{"level":"info","message":"Server is running on http://localhost:3000","service":"billing-service","timestamp":"2024-11-05T22:40:08.403Z"}
{"level":"info","message":"Server is running on http://localhost:3000","service":"billing-service","timestamp":"2024-11-05T22:40:30.355Z"}
{"level":"info","message":"Server is running on http://localhost:3000","service":"billing-service","timestamp":"2024-11-05T22:43:51.552Z"}
{"level":"info","message":"Server is running on http://localhost:3000","service":"billing-service","timestamp":"2024-11-05T22:44:18.685Z"}
{"level":"info","message":"Server is running on http://localhost:3000","service":"billing-service","timestamp":"2024-11-05T22:49:29.192Z"}
{"level":"info","message":"Server is running on http://localhost:3000","service":"billing-service","timestamp":"2024-11-05T22:50:16.722Z"}
{"level":"info","message":"Server is running on http://localhost:3000","service":"billing-service","timestamp":"2024-11-05T22:51:18.201Z"}
{"level":"info","message":"Server is running on http://localhost:3000","service":"billing-service","timestamp":"2024-11-05T22:52:14.811Z"}
{"level":"info","message":"Server is running on http://localhost:3000","service":"billing-service","timestamp":"2024-11-05T22:53:50.220Z"}
{"level":"info","message":"Server is running on http://localhost:3000","service":"billing-service","timestamp":"2024-11-05T22:55:53.675Z"}
{"level":"info","message":"Server is running on http://localhost:3000","service":"billing-service","timestamp":"2024-11-05T23:00:52.013Z"}
{"level":"info","message":"Server is running on http://localhost:3000","service":"billing-service","timestamp":"2024-11-05T23:03:07.714Z"}
{"level":"info","message":"Server is running on http://localhost:3000","service":"billing-service","timestamp":"2024-11-05T23:23:05.159Z"}
{"level":"info","message":"Server is running on http://localhost:3000","service":"billing-service","timestamp":"2024-11-05T23:23:56.887Z"}
{"level":"info","message":"Server is running on http://localhost:3000","service":"billing-service","timestamp":"2024-11-05T23:30:39.553Z"}
{"level":"info","message":"Server is running on http://localhost:3000","service":"billing-service","timestamp":"2024-11-05T23:32:13.153Z"}
{"level":"info","message":"Server is running on http://localhost:3000","service":"billing-service","timestamp":"2024-11-05T23:33:42.107Z"}
{"level":"info","message":"Server is running on http://localhost:3000","service":"billing-service","timestamp":"2024-11-05T23:35:44.918Z"}
{"level":"info","message":"Server is running on http://localhost:3000","service":"billing-service","timestamp":"2024-11-05T23:35:48.527Z"}
{"level":"info","message":"Server is running on http://localhost:3000","service":"billing-service","timestamp":"2024-11-05T23:37:16.138Z"}
{"level":"info","message":"Server is running on http://localhost:3000","service":"billing-service","timestamp":"2024-11-05T23:47:36.640Z"}
{"level":"info","message":"Server is running on http://localhost:3000","service":"billing-service","timestamp":"2024-11-05T23:56:29.129Z"}
{"level":"info","message":"Server is running on http://localhost:3000","service":"billing-service","timestamp":"2024-11-05T23:57:59.039Z"}
{"level":"info","message":"Server is running on http://localhost:3000","service":"billing-service","timestamp":"2024-11-06T00:00:44.062Z"}
{"level":"info","message":"Server is running on http://localhost:3000","service":"billing-service","timestamp":"2024-11-06T00:03:11.282Z"}
{"level":"info","message":"Server is running on http://localhost:3000","service":"billing-service","timestamp":"2024-11-06T00:05:05.113Z"}
{"level":"info","message":"Server is running on http://localhost:3000","service":"billing-service","timestamp":"2024-11-06T17:23:41.397Z"}
{"level":"info","message":"Server is running on http://localhost:3000","service":"billing-service","timestamp":"2024-11-06T17:32:00.675Z"}
{"level":"info","message":"Server is running on http://localhost:3000","service":"billing-service","timestamp":"2024-11-06T17:51:19.664Z"}
{"level":"info","message":"Server is running on http://localhost:3000","service":"billing-service","timestamp":"2024-11-06T17:53:06.186Z"}
{"level":"info","message":"Server is running on http://localhost:3000","service":"billing-service","timestamp":"2024-11-06T18:26:58.099Z"}
{"level":"info","message":"Server is running on http://localhost:3000","service":"billing-service","timestamp":"2024-11-06T18:40:35.199Z"}
{"level":"info","message":"Server is running on http://localhost:3000","service":"billing-service","timestamp":"2024-11-06T18:56:41.147Z"}
{"level":"info","message":"Server is running on http://localhost:3000","service":"billing-service","timestamp":"2024-11-06T18:58:00.788Z"}
{"level":"info","message":"Server is running on http://localhost:3000","service":"billing-service","timestamp":"2024-11-07T18:36:00.380Z"}
{"level":"info","message":"Server is running on http://localhost:3000","service":"billing-service","timestamp":"2024-11-07T18:42:08.505Z"}
{"level":"info","message":"Server is running on http://localhost:3000","service":"billing-service","timestamp":"2024-11-07T18:51:52.030Z"}
{"level":"info","message":"Server is running on http://localhost:3000","service":"billing-service","timestamp":"2024-11-07T18:52:41.276Z"}
{"level":"info","message":"Server is running on http://localhost:3000","service":"billing-service","timestamp":"2024-11-07T18:55:13.687Z"}
{"level":"info","message":"Server is running on http://localhost:3000","service":"billing-service","timestamp":"2024-11-07T18:59:47.205Z"}
{"level":"info","message":"Server is running on http://localhost:3000","service":"billing-service","timestamp":"2024-11-07T19:01:01.256Z"}
{"level":"info","message":"Server is running on http://localhost:3000","service":"billing-service","timestamp":"2024-11-07T19:04:31.551Z"}
{"level":"info","message":"Server is running on http://localhost:3000","service":"billing-service","timestamp":"2024-11-07T19:05:19.448Z"}
{"level":"info","message":"Server is running on http://localhost:3000","service":"billing-service","timestamp":"2024-11-07T19:07:44.805Z"}
{"level":"info","message":"Server is running on http://localhost:3000","service":"billing-service","timestamp":"2024-11-07T19:13:13.568Z"}
{"level":"info","message":"Server is running on http://localhost:3000","service":"billing-service","timestamp":"2024-11-07T19:19:54.866Z"}
{"level":"info","message":"Server is running on http://localhost:3000","service":"billing-service","timestamp":"2024-11-07T19:20:20.006Z"}
{"level":"info","message":"Server is running on http://localhost:3000","service":"billing-service","timestamp":"2024-11-07T19:20:39.130Z"}
{"level":"info","message":"Server is running on http://localhost:3000","service":"billing-service","timestamp":"2024-11-07T19:21:44.471Z"}
{"level":"info","message":"Server is running on http://localhost:3000","service":"billing-service","timestamp":"2024-11-07T19:22:47.545Z"}
{"level":"info","message":"Server is running on http://localhost:3000","service":"billing-service","timestamp":"2024-11-07T19:27:19.692Z"}
{"level":"info","message":"Server is running on http://localhost:3000","service":"billing-service","timestamp":"2024-11-07T19:30:06.277Z"}
{"level":"info","message":"Server is running on http://localhost:3000","service":"billing-service","timestamp":"2024-11-07T19:32:32.588Z"}
{"level":"info","message":"Server is running on http://localhost:3000","service":"billing-service","timestamp":"2024-11-07T19:36:00.811Z"}
{"level":"info","message":"Server is running on http://localhost:3000","service":"billing-service","timestamp":"2024-11-07T19:38:04.224Z"}
{"level":"info","message":"Server is running on http://localhost:3000","service":"billing-service","timestamp":"2024-11-07T19:38:38.540Z"}
{"level":"info","message":"Server is running on http://localhost:3000","service":"billing-service","timestamp":"2024-11-07T19:42:01.960Z"}
{"level":"info","message":"Server is running on http://localhost:3000","service":"billing-service","timestamp":"2024-11-07T19:43:06.496Z"}
{"level":"info","message":"Server is running on http://localhost:3000","service":"billing-service","timestamp":"2024-11-07T19:49:06.253Z"}
{"level":"info","message":"Server is running on http://localhost:3000","service":"billing-service","timestamp":"2024-11-07T20:32:07.472Z"}
{"level":"info","message":"Server is running on http://localhost:3000","service":"billing-service","timestamp":"2024-11-07T20:38:53.115Z"}
{"level":"info","message":"Server is running on http://localhost:3000","service":"billing-service","timestamp":"2024-11-07T20:44:41.889Z"}
{"level":"info","message":"Server is running on http://localhost:3000","service":"billing-service","timestamp":"2024-11-07T20:54:13.162Z"}
{"level":"info","message":"Server is running on http://localhost:3000","service":"billing-service","timestamp":"2024-11-07T21:18:54.776Z"}
{"level":"info","message":"Server is running on http://localhost:3000","service":"billing-service","timestamp":"2024-11-07T21:25:35.014Z"}
{"level":"info","message":"Server is running on http://localhost:3000","service":"billing-service","timestamp":"2024-11-07T21:31:44.597Z"}
{"level":"info","message":"Server is running on http://localhost:3000","service":"billing-service","timestamp":"2024-11-07T21:32:04.366Z"}
{"level":"info","message":"Server is running on http://localhost:3000","service":"billing-service","timestamp":"2024-11-07T21:32:16.852Z"}
{"level":"info","message":"Server is running on http://localhost:3000","service":"billing-service","timestamp":"2024-11-07T21:34:53.824Z"}
{"level":"info","message":"Server is running on http://localhost:3000","service":"billing-service","timestamp":"2024-11-07T21:35:28.523Z"}
{"level":"info","message":"Server is running on http://localhost:3000","service":"billing-service","timestamp":"2024-11-07T21:35:47.744Z"}
{"level":"info","message":"Server is running on http://localhost:3000","service":"billing-service","timestamp":"2024-11-07T21:35:58.890Z"}
{"level":"info","message":"Server is running on http://localhost:3000","service":"billing-service","timestamp":"2024-11-07T21:36:30.434Z"}
{"level":"info","message":"Server is running on http://localhost:3000","service":"billing-service","timestamp":"2024-11-07T21:37:07.466Z"}
{"level":"info","message":"Server is running on http://localhost:3000","service":"billing-service","timestamp":"2024-11-07T21:40:36.111Z"}
{"level":"info","message":"Server is running on http://localhost:3000","service":"billing-service","timestamp":"2024-11-07T21:42:50.778Z"}
{"level":"info","message":"Server is running on http://localhost:3000","service":"billing-service","timestamp":"2024-11-07T21:44:27.871Z"}
{"level":"info","message":"Server is running on http://localhost:3000","service":"billing-service","timestamp":"2024-11-07T21:46:15.545Z"}
{"level":"info","message":"Server is running on http://localhost:3000","service":"billing-service","timestamp":"2024-11-07T21:49:50.036Z"}
{"level":"info","message":"Server is running on http://localhost:3000","service":"billing-service","timestamp":"2024-11-07T21:50:24.913Z"}
{"level":"info","message":"Server is running on http://localhost:3000","service":"billing-service","timestamp":"2024-11-07T21:50:49.763Z"}
{"level":"info","message":"Server is running on http://localhost:3000","service":"billing-service","timestamp":"2024-11-07T22:06:20.461Z"}
{"level":"info","message":"Server is running on http://localhost:3000","service":"billing-service","timestamp":"2024-11-08T11:20:33.291Z"}
{"level":"info","message":"Server is running on http://localhost:3000","service":"billing-service","timestamp":"2024-11-08T11:21:18.004Z"}
{"level":"info","message":"Server is running on http://localhost:3000","service":"billing-service","timestamp":"2024-11-08T11:21:57.215Z"}
{"level":"info","message":"Server is running on http://localhost:3000","service":"billing-service","timestamp":"2024-11-08T11:22:42.835Z"}
{"level":"info","message":"Server is running on http://localhost:3000","service":"billing-service","timestamp":"2024-11-08T11:26:05.686Z"}
{"level":"info","message":"Server is running on http://localhost:3000","service":"billing-service","timestamp":"2024-11-08T11:27:51.913Z"}
{"level":"info","message":"Server is running on http://localhost:3000","service":"billing-service","timestamp":"2024-11-08T11:58:58.999Z"}
{"level":"info","message":"Server is running on http://localhost:3000","service":"billing-service","timestamp":"2024-11-08T12:15:49.011Z"}
{"code":"ERR_INVALID_ARG_TYPE","level":"error","message":"The \"path\" argument must be of type string. Received undefined","service":"billing-service","stack":"TypeError [ERR_INVALID_ARG_TYPE]: The \"path\" argument must be of type string. Received undefined\n    at validateString (internal/validators.js:124:11)\n    at extname (path.js:752:5)\n    at new View (C:\\Distrib\\TZ\\PickMaxApp\\node_modules\\express\\lib\\view.js:56:14)\n    at Function.render (C:\\Distrib\\TZ\\PickMaxApp\\node_modules\\express\\lib\\application.js:587:12)\n    at ServerResponse.render (C:\\Distrib\\TZ\\PickMaxApp\\node_modules\\express\\lib\\response.js:1049:7)\n    at exports.logon (C:\\Distrib\\TZ\\PickMaxApp\\controllers\\mainController.js:70:18)\n    at Layer.handle [as handle_request] (C:\\Distrib\\TZ\\PickMaxApp\\node_modules\\express\\lib\\router\\layer.js:95:5)\n    at next (C:\\Distrib\\TZ\\PickMaxApp\\node_modules\\express\\lib\\router\\route.js:149:13)\n    at Route.dispatch (C:\\Distrib\\TZ\\PickMaxApp\\node_modules\\express\\lib\\router\\route.js:119:3)\n    at Layer.handle [as handle_request] (C:\\Distrib\\TZ\\PickMaxApp\\node_modules\\express\\lib\\router\\layer.js:95:5)","timestamp":"2024-11-08T12:16:16.674Z"}
{"code":"ERR_INVALID_ARG_TYPE","level":"error","message":"The \"path\" argument must be of type string. Received undefined","service":"billing-service","stack":"TypeError [ERR_INVALID_ARG_TYPE]: The \"path\" argument must be of type string. Received undefined\n    at validateString (internal/validators.js:124:11)\n    at extname (path.js:752:5)\n    at new View (C:\\Distrib\\TZ\\PickMaxApp\\node_modules\\express\\lib\\view.js:56:14)\n    at Function.render (C:\\Distrib\\TZ\\PickMaxApp\\node_modules\\express\\lib\\application.js:587:12)\n    at ServerResponse.render (C:\\Distrib\\TZ\\PickMaxApp\\node_modules\\express\\lib\\response.js:1049:7)\n    at exports.page (C:\\Distrib\\TZ\\PickMaxApp\\controllers\\mainController.js:216:18)\n    at C:\\Distrib\\TZ\\PickMaxApp\\routes\\mainRouter.js:23:6\n    at Layer.handle [as handle_request] (C:\\Distrib\\TZ\\PickMaxApp\\node_modules\\express\\lib\\router\\layer.js:95:5)\n    at next (C:\\Distrib\\TZ\\PickMaxApp\\node_modules\\express\\lib\\router\\route.js:149:13)\n    at Route.dispatch (C:\\Distrib\\TZ\\PickMaxApp\\node_modules\\express\\lib\\router\\route.js:119:3)","timestamp":"2024-11-08T12:18:45.696Z"}
{"level":"info","message":"Server is running on http://localhost:3000","service":"billing-service","timestamp":"2024-11-08T12:24:43.801Z"}
{"level":"info","message":"Server is running on http://localhost:3000","service":"billing-service","timestamp":"2024-11-08T12:25:05.888Z"}
